<?xml version="1.0" encoding="UTF-8"?>
<!-- Generated by org.testng.reporters.JUnitXMLReporter -->
<testsuite ignored="0" hostname="ElizabethsAir2.lan1" failures="0" tests="3" name="Default test" time="26.004" errors="0" timestamp="2022-09-07T09:28:18 PDT">
  <testcase classname="myExtentReport.ExtentReportsClass" name="verifyAccountSubmission" time="2.476"/>
  <testcase classname="myExtentReport.ExtentReportsClass" name="verifyTitle" time="0.336"/>
  <testcase classname="myExtentReport.ExtentReportsClass" name="verifyURL" time="0.264"/>
</testsuite> <!-- Default test -->
