<?xml version="1.0" encoding="UTF-8"?>
<testng-results ignored="0" total="1" passed="1" failed="0" skipped="0">
  <reporter-output>
  </reporter-output>
  <suite started-at="2022-09-07T09:29:43 PDT" name="Default suite" finished-at="2022-09-07T09:29:46 PDT" duration-ms="3204">
    <groups>
    </groups>
    <test started-at="2022-09-07T09:29:43 PDT" name="Default test" finished-at="2022-09-07T09:29:46 PDT" duration-ms="3204">
      <class name="automateYahoo.automateYahooTest">
        <test-method is-config="true" signature="setUp()[pri:0, instance:automateYahoo.automateYahooTest@7e3060d8]" started-at="2022-09-07T09:29:38 PDT" name="setUp" finished-at="2022-09-07T09:29:43 PDT" duration-ms="4420" status="PASS">
          <reporter-output>
          </reporter-output>
        </test-method> <!-- setUp -->
        <test-method signature="test()[pri:0, instance:automateYahoo.automateYahooTest@7e3060d8]" started-at="2022-09-07T09:29:43 PDT" name="test" finished-at="2022-09-07T09:29:46 PDT" duration-ms="3139" status="PASS">
          <reporter-output>
          </reporter-output>
        </test-method> <!-- test -->
        <test-method is-config="true" signature="tearDown()[pri:0, instance:automateYahoo.automateYahooTest@7e3060d8]" started-at="2022-09-07T09:29:46 PDT" name="tearDown" finished-at="2022-09-07T09:29:47 PDT" duration-ms="1069" status="PASS">
          <reporter-output>
          </reporter-output>
        </test-method> <!-- tearDown -->
      </class> <!-- automateYahoo.automateYahooTest -->
    </test> <!-- Default test -->
  </suite> <!-- Default suite -->
</testng-results>
