<?xml version="1.0" encoding="UTF-8"?>
<testng-results ignored="0" total="3" passed="3" failed="0" skipped="0">
  <reporter-output>
  </reporter-output>
  <suite started-at="2022-09-07T09:27:52 PDT" name="Default suite" finished-at="2022-09-07T09:28:18 PDT" duration-ms="26004">
    <groups>
    </groups>
    <test started-at="2022-09-07T09:27:52 PDT" name="Default test" finished-at="2022-09-07T09:28:18 PDT" duration-ms="26004">
      <class name="myExtentReport.ExtentReportsClass">
        <test-method is-config="true" signature="startReport()[pri:0, instance:myExtentReport.ExtentReportsClass@5d7148e2]" started-at="2022-09-07T09:27:52 PDT" name="startReport" finished-at="2022-09-07T09:27:54 PDT" duration-ms="1521" status="PASS">
          <reporter-output>
          </reporter-output>
        </test-method> <!-- startReport -->
        <test-method is-config="true" signature="setup()[pri:0, instance:myExtentReport.ExtentReportsClass@5d7148e2]" started-at="2022-09-07T09:27:54 PDT" name="setup" finished-at="2022-09-07T09:28:05 PDT" duration-ms="11088" status="PASS">
          <reporter-output>
          </reporter-output>
        </test-method> <!-- setup -->
        <test-method signature="verifyAccountSubmission()[pri:0, instance:myExtentReport.ExtentReportsClass@5d7148e2]" started-at="2022-09-07T09:28:05 PDT" name="verifyAccountSubmission" finished-at="2022-09-07T09:28:08 PDT" duration-ms="2476" status="PASS">
          <reporter-output>
          </reporter-output>
        </test-method> <!-- verifyAccountSubmission -->
        <test-method is-config="true" signature="setup()[pri:0, instance:myExtentReport.ExtentReportsClass@5d7148e2]" started-at="2022-09-07T09:28:08 PDT" name="setup" finished-at="2022-09-07T09:28:12 PDT" duration-ms="4599" status="PASS">
          <reporter-output>
          </reporter-output>
        </test-method> <!-- setup -->
        <test-method signature="verifyTitle()[pri:0, instance:myExtentReport.ExtentReportsClass@5d7148e2]" started-at="2022-09-07T09:28:12 PDT" name="verifyTitle" finished-at="2022-09-07T09:28:12 PDT" duration-ms="336" status="PASS">
          <reporter-output>
          </reporter-output>
        </test-method> <!-- verifyTitle -->
        <test-method is-config="true" signature="setup()[pri:0, instance:myExtentReport.ExtentReportsClass@5d7148e2]" started-at="2022-09-07T09:28:12 PDT" name="setup" finished-at="2022-09-07T09:28:17 PDT" duration-ms="4080" status="PASS">
          <reporter-output>
          </reporter-output>
        </test-method> <!-- setup -->
        <test-method signature="verifyURL()[pri:0, instance:myExtentReport.ExtentReportsClass@5d7148e2]" started-at="2022-09-07T09:28:17 PDT" name="verifyURL" finished-at="2022-09-07T09:28:17 PDT" duration-ms="264" status="PASS">
          <reporter-output>
          </reporter-output>
        </test-method> <!-- verifyURL -->
        <test-method is-config="true" signature="endReport()[pri:0, instance:myExtentReport.ExtentReportsClass@5d7148e2]" started-at="2022-09-07T09:28:17 PDT" name="endReport" finished-at="2022-09-07T09:28:18 PDT" duration-ms="1543" status="PASS">
          <reporter-output>
          </reporter-output>
        </test-method> <!-- endReport -->
      </class> <!-- myExtentReport.ExtentReportsClass -->
    </test> <!-- Default test -->
  </suite> <!-- Default suite -->
</testng-results>
